This is pdfTeX, Version 3.141592653-2.6-1.40.27 (TeX Live 2025) (preloaded format=pdflatex 2025.10.19)  27 OCT 2025 16:26
entering extended mode
 restricted \write18 enabled.
 file:line:error style messages enabled.
 %&-line parsing enabled.
**c:/Users/jayta/Desktop/mcm/tempTex/temp.tex
(c:/Users/jayta/Desktop/mcm/tempTex/temp.tex
LaTeX2e <2024-11-01> patch level 2
L3 programming layer <2025-01-18>
(f:/TEX Live/texlive/2025/texmf-dist/tex/latex/base/article.cls
Document Class: article 2024/06/29 v1.4n Standard LaTeX document class
(f:/TEX Live/texlive/2025/texmf-dist/tex/latex/base/size10.clo
File: size10.clo 2024/06/29 v1.4n Standard LaTeX file (size option)
)
\c@part=\count196
\c@section=\count197
\c@subsection=\count198
\c@subsubsection=\count199
\c@paragraph=\count266
\c@subparagraph=\count267
\c@figure=\count268
\c@table=\count269
\abovecaptionskip=\skip49
\belowcaptionskip=\skip50
\bibindent=\dimen141
) (f:/TEX Live/texlive/2025/texmf-dist/tex/latex/graphics/graphicx.sty
Package: graphicx 2021/09/16 v1.2d Enhanced LaTeX Graphics (DPC,SPQR)
 (f:/TEX Live/texlive/2025/texmf-dist/tex/latex/graphics/keyval.sty
Package: keyval 2022/05/29 v1.15 key=value parser (DPC)
\KV@toks@=\toks17
) (f:/TEX Live/texlive/2025/texmf-dist/tex/latex/graphics/graphics.sty
Package: graphics 2024/08/06 v1.4g Standard LaTeX Graphics (DPC,SPQR)
 (f:/TEX Live/texlive/2025/texmf-dist/tex/latex/graphics/trig.sty
Package: trig 2023/12/02 v1.11 sin cos tan (DPC)
) (f:/TEX Live/texlive/2025/texmf-dist/tex/latex/graphics-cfg/graphics.cfg
File: graphics.cfg 2016/06/04 v1.11 sample graphics configuration
)
Package graphics Info: Driver file: pdftex.def on input line 106.
 (f:/TEX Live/texlive/2025/texmf-dist/tex/latex/graphics-def/pdftex.def
File: pdftex.def 2024/04/13 v1.2c Graphics/color driver for pdftex
))
\Gin@req@height=\dimen142
\Gin@req@width=\dimen143
) (f:/TEX Live/texlive/2025/texmf-dist/tex/latex/l3backend/l3backend-pdftex.def
File: l3backend-pdftex.def 2024-05-08 L3 backend support: PDF output (pdfTeX)
\l__color_backend_stack_int=\count270
\l__pdf_internal_box=\box52
)
No file temp.aux.
\openout1 = `temp.aux'.

LaTeX Font Info:    Checking defaults for OML/cmm/m/it on input line 3.
LaTeX Font Info:    ... okay on input line 3.
LaTeX Font Info:    Checking defaults for OMS/cmsy/m/n on input line 3.
LaTeX Font Info:    ... okay on input line 3.
LaTeX Font Info:    Checking defaults for OT1/cmr/m/n on input line 3.
LaTeX Font Info:    ... okay on input line 3.
LaTeX Font Info:    Checking defaults for T1/cmr/m/n on input line 3.
LaTeX Font Info:    ... okay on input line 3.
LaTeX Font Info:    Checking defaults for TS1/cmr/m/n on input line 3.
LaTeX Font Info:    ... okay on input line 3.
LaTeX Font Info:    Checking defaults for OMX/cmex/m/n on input line 3.
LaTeX Font Info:    ... okay on input line 3.
LaTeX Font Info:    Checking defaults for U/cmr/m/n on input line 3.
LaTeX Font Info:    ... okay on input line 3.
(f:/TEX Live/texlive/2025/texmf-dist/tex/context/base/mkii/supp-pdf.mkii
[Loading MPS to PDF converter (version 2006.09.02).]
\scratchcounter=\count271
\scratchdimen=\dimen144
\scratchbox=\box53
\nofMPsegments=\count272
\nofMParguments=\count273
\everyMPshowfont=\toks18
\MPscratchCnt=\count274
\MPscratchDim=\dimen145
\MPnumerator=\count275
\makeMPintoPDFobject=\count276
\everyMPtoPDFconversion=\toks19
) (f:/TEX Live/texlive/2025/texmf-dist/tex/latex/epstopdf-pkg/epstopdf-base.sty
Package: epstopdf-base 2020-01-24 v2.11 Base part for package epstopdf
Package epstopdf-base Info: Redefining graphics rule for `.eps' on input line 485.
 (f:/TEX Live/texlive/2025/texmf-dist/tex/latex/latexconfig/epstopdf-sys.cfg
File: epstopdf-sys.cfg 2010/07/13 v1.3 Configuration of (r)epstopdf for TeX Live
))

c:/Users/jayta/Desktop/mcm/tempTex/temp.tex:7: LaTeX Error: Unicode character 文 (U+6587)
               not set up for use with LaTeX.

See the LaTeX manual or LaTeX Companion for explanation.
Type  H <return>  for immediate help.
 ...                                              
                                                  
l.7 \maketitle
              
You may provide a definition with
\DeclareUnicodeCharacter 


c:/Users/jayta/Desktop/mcm/tempTex/temp.tex:7: LaTeX Error: Unicode character 档 (U+6863)
               not set up for use with LaTeX.

See the LaTeX manual or LaTeX Companion for explanation.
Type  H <return>  for immediate help.
 ...                                              
                                                  
l.7 \maketitle
              
You may provide a definition with
\DeclareUnicodeCharacter 


c:/Users/jayta/Desktop/mcm/tempTex/temp.tex:7: LaTeX Error: Unicode character 排 (U+6392)
               not set up for use with LaTeX.

See the LaTeX manual or LaTeX Companion for explanation.
Type  H <return>  for immediate help.
 ...                                              
                                                  
l.7 \maketitle
              
You may provide a definition with
\DeclareUnicodeCharacter 


c:/Users/jayta/Desktop/mcm/tempTex/temp.tex:7: LaTeX Error: Unicode character 版 (U+7248)
               not set up for use with LaTeX.

See the LaTeX manual or LaTeX Companion for explanation.
Type  H <return>  for immediate help.
 ...                                              
                                                  
l.7 \maketitle
              
You may provide a definition with
\DeclareUnicodeCharacter 


c:/Users/jayta/Desktop/mcm/tempTex/temp.tex:7: LaTeX Error: Unicode character 示 (U+793A)
               not set up for use with LaTeX.

See the LaTeX manual or LaTeX Companion for explanation.
Type  H <return>  for immediate help.
 ...                                              
                                                  
l.7 \maketitle
              
You may provide a definition with
\DeclareUnicodeCharacter 


c:/Users/jayta/Desktop/mcm/tempTex/temp.tex:7: LaTeX Error: Unicode character 例 (U+4F8B)
               not set up for use with LaTeX.

See the LaTeX manual or LaTeX Companion for explanation.
Type  H <return>  for immediate help.
 ...                                              
                                                  
l.7 \maketitle
              
You may provide a definition with
\DeclareUnicodeCharacter 

LaTeX Font Info:    External font `cmex10' loaded for size
(Font)              <12> on input line 7.
LaTeX Font Info:    External font `cmex10' loaded for size
(Font)              <8> on input line 7.
LaTeX Font Info:    External font `cmex10' loaded for size
(Font)              <6> on input line 7.

c:/Users/jayta/Desktop/mcm/tempTex/temp.tex:7: LaTeX Error: Unicode character 作 (U+4F5C)
               not set up for use with LaTeX.

See the LaTeX manual or LaTeX Companion for explanation.
Type  H <return>  for immediate help.
 ...                                              
                                                  
l.7 \maketitle
              
You may provide a definition with
\DeclareUnicodeCharacter 


c:/Users/jayta/Desktop/mcm/tempTex/temp.tex:7: LaTeX Error: Unicode character 者 (U+8005)
               not set up for use with LaTeX.

See the LaTeX manual or LaTeX Companion for explanation.
Type  H <return>  for immediate help.
 ...                                              
                                                  
l.7 \maketitle
              
You may provide a definition with
\DeclareUnicodeCharacter 


c:/Users/jayta/Desktop/mcm/tempTex/temp.tex:7: LaTeX Error: Unicode character 名 (U+540D)
               not set up for use with LaTeX.

See the LaTeX manual or LaTeX Companion for explanation.
Type  H <return>  for immediate help.
 ...                                              
                                                  
l.7 \maketitle
              
You may provide a definition with
\DeclareUnicodeCharacter 


c:/Users/jayta/Desktop/mcm/tempTex/temp.tex:7: LaTeX Error: Unicode character 日 (U+65E5)
               not set up for use with LaTeX.

See the LaTeX manual or LaTeX Companion for explanation.
Type  H <return>  for immediate help.
 ...                                              
                                                  
l.7 \maketitle
              
You may provide a definition with
\DeclareUnicodeCharacter 


c:/Users/jayta/Desktop/mcm/tempTex/temp.tex:7: LaTeX Error: Unicode character 期 (U+671F)
               not set up for use with LaTeX.

See the LaTeX manual or LaTeX Companion for explanation.
Type  H <return>  for immediate help.
 ...                                              
                                                  
l.7 \maketitle
              
You may provide a definition with
\DeclareUnicodeCharacter 

No file temp.toc.
\tf@toc=\write3
\openout3 = `temp.toc'.


c:/Users/jayta/Desktop/mcm/tempTex/temp.tex:9: LaTeX Error: Unicode character 引 (U+5F15)
               not set up for use with LaTeX.

See the LaTeX manual or LaTeX Companion for explanation.
Type  H <return>  for immediate help.
 ...                                              
                                                  
l.9 \section{引言}
                    
You may provide a definition with
\DeclareUnicodeCharacter 


c:/Users/jayta/Desktop/mcm/tempTex/temp.tex:9: LaTeX Error: Unicode character 言 (U+8A00)
               not set up for use with LaTeX.

See the LaTeX manual or LaTeX Companion for explanation.
Type  H <return>  for immediate help.
 ...                                              
                                                  
l.9 \section{引言}
                    
You may provide a definition with
\DeclareUnicodeCharacter 


c:/Users/jayta/Desktop/mcm/tempTex/temp.tex:10: LaTeX Error: Unicode character 这 (U+8FD9)
               not set up for use with LaTeX.

See the LaTeX manual or LaTeX Companion for explanation.
Type  H <return>  for immediate help.
 ...                                              
                                                  
l.10 这
        里是文档的引言部分。
You may provide a definition with
\DeclareUnicodeCharacter 


c:/Users/jayta/Desktop/mcm/tempTex/temp.tex:10: LaTeX Error: Unicode character 里 (U+91CC)
               not set up for use with LaTeX.

See the LaTeX manual or LaTeX Companion for explanation.
Type  H <return>  for immediate help.
 ...                                              
                                                  
l.10 这里
           是文档的引言部分。
You may provide a definition with
\DeclareUnicodeCharacter 


c:/Users/jayta/Desktop/mcm/tempTex/temp.tex:10: LaTeX Error: Unicode character 是 (U+662F)
               not set up for use with LaTeX.

See the LaTeX manual or LaTeX Companion for explanation.
Type  H <return>  for immediate help.
 ...                                              
                                                  
l.10 这里是
              文档的引言部分。
You may provide a definition with
\DeclareUnicodeCharacter 


c:/Users/jayta/Desktop/mcm/tempTex/temp.tex:10: LaTeX Error: Unicode character 文 (U+6587)
               not set up for use with LaTeX.

See the LaTeX manual or LaTeX Companion for explanation.
Type  H <return>  for immediate help.
 ...                                              
                                                  
l.10 这里是文
                 档的引言部分。
You may provide a definition with
\DeclareUnicodeCharacter 


c:/Users/jayta/Desktop/mcm/tempTex/temp.tex:10: LaTeX Error: Unicode character 档 (U+6863)
               not set up for use with LaTeX.

See the LaTeX manual or LaTeX Companion for explanation.
Type  H <return>  for immediate help.
 ...                                              
                                                  
l.10 这里是文档
                    的引言部分。
You may provide a definition with
\DeclareUnicodeCharacter 


c:/Users/jayta/Desktop/mcm/tempTex/temp.tex:10: LaTeX Error: Unicode character 的 (U+7684)
               not set up for use with LaTeX.

See the LaTeX manual or LaTeX Companion for explanation.
Type  H <return>  for immediate help.
 ...                                              
                                                  
l.10 这里是文档的
                       引言部分。
You may provide a definition with
\DeclareUnicodeCharacter 


c:/Users/jayta/Desktop/mcm/tempTex/temp.tex:10: LaTeX Error: Unicode character 引 (U+5F15)
               not set up for use with LaTeX.

See the LaTeX manual or LaTeX Companion for explanation.
Type  H <return>  for immediate help.
 ...                                              
                                                  
l.10 这里是文档的引
                          言部分。
You may provide a definition with
\DeclareUnicodeCharacter 


c:/Users/jayta/Desktop/mcm/tempTex/temp.tex:10: LaTeX Error: Unicode character 言 (U+8A00)
               not set up for use with LaTeX.

See the LaTeX manual or LaTeX Companion for explanation.
Type  H <return>  for immediate help.
 ...                                              
                                                  
l.10 这里是文档的引言
                             部分。
You may provide a definition with
\DeclareUnicodeCharacter 


c:/Users/jayta/Desktop/mcm/tempTex/temp.tex:10: LaTeX Error: Unicode character 部 (U+90E8)
               not set up for use with LaTeX.

See the LaTeX manual or LaTeX Companion for explanation.
Type  H <return>  for immediate help.
 ...                                              
                                                  
l.10 这里是文档的引言部
                                分。
You may provide a definition with
\DeclareUnicodeCharacter 


c:/Users/jayta/Desktop/mcm/tempTex/temp.tex:10: LaTeX Error: Unicode character 分 (U+5206)
               not set up for use with LaTeX.

See the LaTeX manual or LaTeX Companion for explanation.
Type  H <return>  for immediate help.
 ...                                              
                                                  
l.10 这里是文档的引言部分
                                   。
You may provide a definition with
\DeclareUnicodeCharacter 


c:/Users/jayta/Desktop/mcm/tempTex/temp.tex:10: LaTeX Error: Unicode character 。 (U+3002)
               not set up for use with LaTeX.

See the LaTeX manual or LaTeX Companion for explanation.
Type  H <return>  for immediate help.
 ...                                              
                                                  
l.10 这里是文档的引言部分。
                                      
You may provide a definition with
\DeclareUnicodeCharacter 


c:/Users/jayta/Desktop/mcm/tempTex/temp.tex:11: LaTeX Error: Unicode character 章 (U+7AE0)
               not set up for use with LaTeX.

See the LaTeX manual or LaTeX Companion for explanation.
Type  H <return>  for immediate help.
 ...                                              
                                                  
l.11 \section{章节二}
                        
You may provide a definition with
\DeclareUnicodeCharacter 


c:/Users/jayta/Desktop/mcm/tempTex/temp.tex:11: LaTeX Error: Unicode character 节 (U+8282)
               not set up for use with LaTeX.

See the LaTeX manual or LaTeX Companion for explanation.
Type  H <return>  for immediate help.
 ...                                              
                                                  
l.11 \section{章节二}
                        
You may provide a definition with
\DeclareUnicodeCharacter 


c:/Users/jayta/Desktop/mcm/tempTex/temp.tex:11: LaTeX Error: Unicode character 二 (U+4E8C)
               not set up for use with LaTeX.

See the LaTeX manual or LaTeX Companion for explanation.
Type  H <return>  for immediate help.
 ...                                              
                                                  
l.11 \section{章节二}
                        
You may provide a definition with
\DeclareUnicodeCharacter 


c:/Users/jayta/Desktop/mcm/tempTex/temp.tex:12: LaTeX Error: Unicode character 这 (U+8FD9)
               not set up for use with LaTeX.

See the LaTeX manual or LaTeX Companion for explanation.
Type  H <return>  for immediate help.
 ...                                              
                                                  
l.12 这
        是文档的一个章节。
You may provide a definition with
\DeclareUnicodeCharacter 


c:/Users/jayta/Desktop/mcm/tempTex/temp.tex:12: LaTeX Error: Unicode character 是 (U+662F)
               not set up for use with LaTeX.

See the LaTeX manual or LaTeX Companion for explanation.
Type  H <return>  for immediate help.
 ...                                              
                                                  
l.12 这是
           文档的一个章节。
You may provide a definition with
\DeclareUnicodeCharacter 


c:/Users/jayta/Desktop/mcm/tempTex/temp.tex:12: LaTeX Error: Unicode character 文 (U+6587)
               not set up for use with LaTeX.

See the LaTeX manual or LaTeX Companion for explanation.
Type  H <return>  for immediate help.
 ...                                              
                                                  
l.12 这是文
              档的一个章节。
You may provide a definition with
\DeclareUnicodeCharacter 


c:/Users/jayta/Desktop/mcm/tempTex/temp.tex:12: LaTeX Error: Unicode character 档 (U+6863)
               not set up for use with LaTeX.

See the LaTeX manual or LaTeX Companion for explanation.
Type  H <return>  for immediate help.
 ...                                              
                                                  
l.12 这是文档
                 的一个章节。
You may provide a definition with
\DeclareUnicodeCharacter 


c:/Users/jayta/Desktop/mcm/tempTex/temp.tex:12: LaTeX Error: Unicode character 的 (U+7684)
               not set up for use with LaTeX.

See the LaTeX manual or LaTeX Companion for explanation.
Type  H <return>  for immediate help.
 ...                                              
                                                  
l.12 这是文档的
                    一个章节。
You may provide a definition with
\DeclareUnicodeCharacter 


c:/Users/jayta/Desktop/mcm/tempTex/temp.tex:12: LaTeX Error: Unicode character 一 (U+4E00)
               not set up for use with LaTeX.

See the LaTeX manual or LaTeX Companion for explanation.
Type  H <return>  for immediate help.
 ...                                              
                                                  
l.12 这是文档的一
                       个章节。
You may provide a definition with
\DeclareUnicodeCharacter 


c:/Users/jayta/Desktop/mcm/tempTex/temp.tex:12: LaTeX Error: Unicode character 个 (U+4E2A)
               not set up for use with LaTeX.

See the LaTeX manual or LaTeX Companion for explanation.
Type  H <return>  for immediate help.
 ...                                              
                                                  
l.12 这是文档的一个
                          章节。
You may provide a definition with
\DeclareUnicodeCharacter 


c:/Users/jayta/Desktop/mcm/tempTex/temp.tex:12: LaTeX Error: Unicode character 章 (U+7AE0)
               not set up for use with LaTeX.

See the LaTeX manual or LaTeX Companion for explanation.
Type  H <return>  for immediate help.
 ...                                              
                                                  
l.12 这是文档的一个章
                             节。
You may provide a definition with
\DeclareUnicodeCharacter 


c:/Users/jayta/Desktop/mcm/tempTex/temp.tex:12: LaTeX Error: Unicode character 节 (U+8282)
               not set up for use with LaTeX.

See the LaTeX manual or LaTeX Companion for explanation.
Type  H <return>  for immediate help.
 ...                                              
                                                  
l.12 这是文档的一个章节
                                。
You may provide a definition with
\DeclareUnicodeCharacter 


c:/Users/jayta/Desktop/mcm/tempTex/temp.tex:12: LaTeX Error: Unicode character 。 (U+3002)
               not set up for use with LaTeX.

See the LaTeX manual or LaTeX Companion for explanation.
Type  H <return>  for immediate help.
 ...                                              
                                                  
l.12 这是文档的一个章节。
                                   
You may provide a definition with
\DeclareUnicodeCharacter 

<example-image.pdf, id=1, 321.2pt x 240.9pt>
File: example-image.pdf Graphic file (type pdf)
<use example-image.pdf>
Package pdftex.def Info: example-image.pdf  used on input line 15.
(pdftex.def)             Requested size: 172.5pt x 129.3783pt.

c:/Users/jayta/Desktop/mcm/tempTex/temp.tex:16: LaTeX Error: Unicode character 示 (U+793A)
               not set up for use with LaTeX.

See the LaTeX manual or LaTeX Companion for explanation.
Type  H <return>  for immediate help.
 ...                                              
                                                  
l.16 \caption{示例图形}
                           
You may provide a definition with
\DeclareUnicodeCharacter 


c:/Users/jayta/Desktop/mcm/tempTex/temp.tex:16: LaTeX Error: Unicode character 例 (U+4F8B)
               not set up for use with LaTeX.

See the LaTeX manual or LaTeX Companion for explanation.
Type  H <return>  for immediate help.
 ...                                              
                                                  
l.16 \caption{示例图形}
                           
You may provide a definition with
\DeclareUnicodeCharacter 


c:/Users/jayta/Desktop/mcm/tempTex/temp.tex:16: LaTeX Error: Unicode character 图 (U+56FE)
               not set up for use with LaTeX.

See the LaTeX manual or LaTeX Companion for explanation.
Type  H <return>  for immediate help.
 ...                                              
                                                  
l.16 \caption{示例图形}
                           
You may provide a definition with
\DeclareUnicodeCharacter 


c:/Users/jayta/Desktop/mcm/tempTex/temp.tex:16: LaTeX Error: Unicode character 形 (U+5F62)
               not set up for use with LaTeX.

See the LaTeX manual or LaTeX Companion for explanation.
Type  H <return>  for immediate help.
 ...                                              
                                                  
l.16 \caption{示例图形}
                           
You may provide a definition with
\DeclareUnicodeCharacter 



[1

{f:/TEX Live/texlive/2025/texmf-var/fonts/map/pdftex/updmap/pdftex.map} <f:/TEX Live/texlive/2025/texmf-dist/tex/latex/mwe/example-image.pdf>] (./temp.aux)
 ***********
LaTeX2e <2024-11-01> patch level 2
L3 programming layer <2025-01-18>
 ***********


LaTeX Warning: Label(s) may have changed. Rerun to get cross-references right.

 ) 
Here is how much of TeX's memory you used:
 1338 strings out of 473190
 21816 string characters out of 5715255
 409496 words of memory out of 5000000
 24629 multiletter control sequences out of 15000+600000
 562477 words of font info for 48 fonts, out of 8000000 for 9000
 1141 hyphenation exceptions out of 8191
 57i,6n,65p,232b,231s stack positions out of 10000i,1000n,20000p,200000b,200000s
<f:/TEX Live/texlive/2025/texmf-dist/fonts/type1/public/amsfonts/cm/cmbx12.pfb><f:/TEX Live/texlive/2025/texmf-dist/fonts/type1/public/amsfonts/cm/cmr10.pfb><f:/TEX Live/texlive/2025/texmf-dist/fonts/type1/public/amsfonts/cm/cmr17.pfb><f:/TEX Live/texlive/2025/texmf-dist/fonts/type1/public/lm/lmss17.pfb>
Output written on temp.pdf (1 page, 47619 bytes).
PDF statistics:
 31 PDF objects out of 1000 (max. 8388607)
 19 compressed objects within 1 object stream
 0 named destinations out of 1000 (max. 500000)
 6 words of extra memory for PDF output out of 10000 (max. 10000000)

